# JRE version: OpenJDK Runtime Environment (23.0+37) (build 23+37-2369)
# Java VM: OpenJDK 64-Bit Server VM (23+37-2369, mixed mode, emulated-client, sharing, tiered, compressed oops, compressed class ptrs, g1 gc, windows-amd64)
GC Precious Log:
 CardTable entry size: 512
 Card Set container configuration: InlinePtr #cards 5 size 8 Array Of Cards #cards 10 size 36 Howl #buckets 4 coarsen threshold 1843 Howl Bitmap #cards 512 size 80 coarsen threshold 460 Card regions per heap region 1 cards per card region 2048
 CPUs: 12 total, 12 available
 Memory: 7528M
 Large Page Support: Disabled
 NUMA Support: Disabled
 Compressed Oops: Enabled (32-bit)
 Heap Region Size: 1M
 Heap Min Capacity: 8M
 Heap Initial Capacity: 118M
 Heap Max Capacity: 1884M
 Pre-touch: Disabled
 Parallel Workers: 10
 Concurrent Workers: 3
 Concurrent Refinement Workers: 10
 Periodic GC: Disabled
Heap:
 garbage-first heap   total reserved 1929216K, committed 72704K, used 38055K [0x000000008a400000, 0x0000000100000000)
  region size 1024K, 9 young (9216K), 3 survivors (3072K)
 Metaspace       used 76230K, committed 77120K, reserved 1179648K
  class space    used 10942K, committed 11328K, reserved 1048576K
GC Heap History (20 events):
Event: 509.715 GC heap after
{Heap after GC invocations=59 (full 10):
 garbage-first heap   total reserved 1929216K, committed 72704K, used 26805K [0x000000008a400000, 0x0000000100000000)
  region size 1024K, 0 young (0K), 0 survivors (0K)
 Metaspace       used 75595K, committed 76416K, reserved 1114112K
  class space    used 10851K, committed 11200K, reserved 1048576K
}
Event: 509.976 GC heap before
{Heap before GC invocations=59 (full 10):
 garbage-first heap   total reserved 1929216K, committed 72704K, used 60597K [0x000000008a400000, 0x0000000100000000)
  region size 1024K, 33 young (33792K), 0 survivors (0K)
 Metaspace       used 75632K, committed 76416K, reserved 1114112K
  class space    used 10857K, committed 11200K, reserved 1048576K
}
Event: 509.979 GC heap after
{Heap after GC invocations=60 (full 10):
 garbage-first heap   total reserved 1929216K, committed 72704K, used 29939K [0x000000008a400000, 0x0000000100000000)
  region size 1024K, 4 young (4096K), 4 survivors (4096K)
 Metaspace       used 75632K, committed 76416K, reserved 1114112K
  class space    used 10857K, committed 11200K, reserved 1048576K
}
Event: 511.702 GC heap before
{Heap before GC invocations=61 (full 10):
 garbage-first heap   total reserved 1929216K, committed 72704K, used 58580K [0x000000008a400000, 0x0000000100000000)
  region size 1024K, 32 young (32768K), 4 survivors (4096K)
 Metaspace       used 76025K, committed 76800K, reserved 1179648K
  class space    used 10926K, committed 11264K, reserved 1048576K
}
Event: 511.704 GC heap after
{Heap after GC invocations=62 (full 10):
 garbage-first heap   total reserved 1929216K, committed 72704K, used 31802K [0x000000008a400000, 0x0000000100000000)
  region size 1024K, 3 young (3072K), 3 survivors (3072K)
 Metaspace       used 76025K, committed 76800K, reserved 1179648K
  class space    used 10926K, committed 11264K, reserved 1048576K
}
Event: 511.865 GC heap before
{Heap before GC invocations=62 (full 10):
 garbage-first heap   total reserved 1929216K, committed 72704K, used 59450K [0x000000008a400000, 0x0000000100000000)
  region size 1024K, 31 young (31744K), 3 survivors (3072K)
 Metaspace       used 76065K, committed 76800K, reserved 1179648K
  class space    used 10932K, committed 11264K, reserved 1048576K
}
Event: 511.868 GC heap after
{Heap after GC invocations=63 (full 10):
 garbage-first heap   total reserved 1929216K, committed 72704K, used 33342K [0x000000008a400000, 0x0000000100000000)
  region size 1024K, 3 young (3072K), 3 survivors (3072K)
 Metaspace       used 76065K, committed 76800K, reserved 1179648K
  class space    used 10932K, committed 11264K, reserved 1048576K
}
Event: 538.186 GC heap before
{Heap before GC invocations=63 (full 10):
 garbage-first heap   total reserved 1929216K, committed 72704K, used 59966K [0x000000008a400000, 0x0000000100000000)
  region size 1024K, 30 young (30720K), 3 survivors (3072K)
 Metaspace       used 76235K, committed 77056K, reserved 1179648K
  class space    used 10945K, committed 11328K, reserved 1048576K
}
Event: 538.190 GC heap after
{Heap after GC invocations=64 (full 10):
 garbage-first heap   total reserved 1929216K, committed 72704K, used 35495K [0x000000008a400000, 0x0000000100000000)
  region size 1024K, 3 young (3072K), 3 survivors (3072K)
 Metaspace       used 76235K, committed 77056K, reserved 1179648K
  class space    used 10945K, committed 11328K, reserved 1048576K
}
Event: 538.527 GC heap before
{Heap before GC invocations=65 (full 10):
 garbage-first heap   total reserved 1929216K, committed 72704K, used 62119K [0x000000008a400000, 0x0000000100000000)
  region size 1024K, 29 young (29696K), 3 survivors (3072K)
 Metaspace       used 76262K, committed 77056K, reserved 1179648K
  class space    used 10948K, committed 11328K, reserved 1048576K
}
Event: 538.531 GC heap after
{Heap after GC invocations=66 (full 10):
 garbage-first heap   total reserved 1929216K, committed 72704K, used 37011K [0x000000008a400000, 0x0000000100000000)
  region size 1024K, 3 young (3072K), 3 survivors (3072K)
 Metaspace       used 76262K, committed 77056K, reserved 1179648K
  class space    used 10948K, committed 11328K, reserved 1048576K
}
Event: 539.267 GC heap before
{Heap before GC invocations=66 (full 10):
 garbage-first heap   total reserved 1929216K, committed 72704K, used 61587K [0x000000008a400000, 0x0000000100000000)
  region size 1024K, 27 young (27648K), 3 survivors (3072K)
 Metaspace       used 76453K, committed 77248K, reserved 1179648K
  class space    used 10962K, committed 11328K, reserved 1048576K
}
Event: 539.270 GC heap after
{Heap after GC invocations=67 (full 10):
 garbage-first heap   total reserved 1929216K, committed 72704K, used 39125K [0x000000008a400000, 0x0000000100000000)
  region size 1024K, 4 young (4096K), 4 survivors (4096K)
 Metaspace       used 76453K, committed 77248K, reserved 1179648K
  class space    used 10962K, committed 11328K, reserved 1048576K
}
Event: 563.079 GC heap before
{Heap before GC invocations=67 (full 10):
 garbage-first heap   total reserved 1929216K, committed 72704K, used 44245K [0x000000008a400000, 0x0000000100000000)
  region size 1024K, 10 young (10240K), 4 survivors (4096K)
 Metaspace       used 76456K, committed 77248K, reserved 1179648K
  class space    used 10962K, committed 11328K, reserved 1048576K
}
Event: 563.130 GC heap after
{Heap after GC invocations=68 (full 11):
 garbage-first heap   total reserved 1929216K, committed 72704K, used 27267K [0x000000008a400000, 0x0000000100000000)
  region size 1024K, 0 young (0K), 0 survivors (0K)
 Metaspace       used 76003K, committed 77120K, reserved 1179648K
  class space    used 10922K, committed 11328K, reserved 1048576K
}
Event: 563.384 GC heap before
{Heap before GC invocations=68 (full 11):
 garbage-first heap   total reserved 1929216K, committed 72704K, used 61059K [0x000000008a400000, 0x0000000100000000)
  region size 1024K, 33 young (33792K), 0 survivors (0K)
 Metaspace       used 76041K, committed 77120K, reserved 1179648K
  class space    used 10929K, committed 11328K, reserved 1048576K
}
Event: 563.386 GC heap after
{Heap after GC invocations=69 (full 11):
 garbage-first heap   total reserved 1929216K, committed 72704K, used 30339K [0x000000008a400000, 0x0000000100000000)
  region size 1024K, 3 young (3072K), 3 survivors (3072K)
 Metaspace       used 76041K, committed 77120K, reserved 1179648K
  class space    used 10929K, committed 11328K, reserved 1048576K
}
Event: 563.658 GC heap before
{Heap before GC invocations=69 (full 11):
 garbage-first heap   total reserved 1929216K, committed 72704K, used 62083K [0x000000008a400000, 0x0000000100000000)
  region size 1024K, 34 young (34816K), 3 survivors (3072K)
 Metaspace       used 76228K, committed 77120K, reserved 1179648K
  class space    used 10941K, committed 11328K, reserved 1048576K
}
Event: 563.662 GC heap after
{Heap after GC invocations=70 (full 11):
 garbage-first heap   total reserved 1929216K, committed 72704K, used 32935K [0x000000008a400000, 0x0000000100000000)
  region size 1024K, 3 young (3072K), 3 survivors (3072K)
 Metaspace       used 76228K, committed 77120K, reserved 1179648K
  class space    used 10941K, committed 11328K, reserved 1048576K
}
Event: 565.098 GC heap before
{Heap before GC invocations=70 (full 11):
 garbage-first heap   total reserved 1929216K, committed 72704K, used 38055K [0x000000008a400000, 0x0000000100000000)
  region size 1024K, 9 young (9216K), 3 survivors (3072K)
 Metaspace       used 76230K, committed 77120K, reserved 1179648K
  class space    used 10942K, committed 11328K, reserved 1048576K
}

